<?xml version="1.0" encoding="UTF-8"?>
<testng-results skipped="0" failed="0" ignored="0" total="2" passed="2">
  <reporter-output>
  </reporter-output>
  <suite name="Suite" duration-ms="19824" started-at="2020-09-16T09:41:05Z" finished-at="2020-09-16T09:41:25Z">
    <groups>
    </groups>
    <test name="Test" duration-ms="19824" started-at="2020-09-16T09:41:05Z" finished-at="2020-09-16T09:41:25Z">
      <class name="testng.SecondTest">
        <test-method status="PASS" signature="secondmethod()[pri:0, instance:testng.SecondTest@fad74ee]" name="secondmethod" duration-ms="19652" started-at="2020-09-16T09:41:05Z" finished-at="2020-09-16T09:41:25Z">
          <reporter-output>
          </reporter-output>
        </test-method> <!-- secondmethod -->
      </class> <!-- testng.SecondTest -->
      <class name="testng.FirstTest">
        <test-method status="PASS" signature="firstmethod()[pri:0, instance:testng.FirstTest@36b4cef0]" name="firstmethod" duration-ms="47" started-at="2020-09-16T09:41:05Z" finished-at="2020-09-16T09:41:05Z">
          <reporter-output>
          </reporter-output>
        </test-method> <!-- firstmethod -->
      </class> <!-- testng.FirstTest -->
    </test> <!-- Test -->
  </suite> <!-- Suite -->
</testng-results>
